<?xml version="1.0" encoding="UTF-8"?>
<testng-results ignored="0" total="1" passed="1" failed="0" skipped="0">
  <reporter-output>
  </reporter-output>
  <suite started-at="2024-08-06T22:27:37 IST" name="Suite" finished-at="2024-08-06T22:29:01 IST" duration-ms="83462">
    <groups>
    </groups>
    <test started-at="2024-08-06T22:27:37 IST" name="Facebook" finished-at="2024-08-06T22:29:01 IST" duration-ms="83462">
      <class name="com.facebook.testCases.TC_CreatePost">
        <test-method is-config="true" signature="browserSettingAndLogin(org.testng.ITestContext)[pri:0, instance:com.facebook.testCases.TC_CreatePost@3dddefd8]" started-at="2024-08-06T22:27:38 IST" name="browserSettingAndLogin" finished-at="2024-08-06T22:27:38 IST" duration-ms="33" status="PASS">
          <params>
            <param index="0">
              <value>
                <![CDATA[org.testng.TestRunner@64502326]]>
              </value>
            </param>
          </params>
          <reporter-output>
          </reporter-output>
        </test-method> <!-- browserSettingAndLogin -->
        <test-method is-config="true" signature="Setup(java.lang.String)[pri:0, instance:com.facebook.testCases.TC_CreatePost@3dddefd8]" started-at="2024-08-06T22:27:38 IST" name="Setup" finished-at="2024-08-06T22:27:49 IST" depends-on-methods="com.facebook.testCases.BaseClass.browserSettingAndLogin" duration-ms="11730" status="PASS">
          <params>
            <param index="0">
              <value>
                <![CDATA[chrome]]>
              </value>
            </param>
          </params>
          <reporter-output>
          </reporter-output>
        </test-method> <!-- Setup -->
        <test-method is-config="true" signature="Login(java.lang.String)[pri:0, instance:com.facebook.testCases.TC_CreatePost@3dddefd8]" started-at="2024-08-06T22:27:49 IST" name="Login" finished-at="2024-08-06T22:27:49 IST" duration-ms="4" status="PASS">
          <params>
            <param index="0">
              <value>
                <![CDATA[user]]>
              </value>
            </param>
          </params>
          <reporter-output>
          </reporter-output>
        </test-method> <!-- Login -->
        <test-method signature="test_CreatePost()[pri:1, instance:com.facebook.testCases.TC_CreatePost@3dddefd8]" started-at="2024-08-06T22:27:49 IST" name="test_CreatePost" finished-at="2024-08-06T22:29:01 IST" duration-ms="71198" status="PASS">
          <reporter-output>
          </reporter-output>
        </test-method> <!-- test_CreatePost -->
        <test-method is-config="true" signature="Logout(java.lang.String)[pri:0, instance:com.facebook.testCases.TC_CreatePost@3dddefd8]" started-at="2024-08-06T22:29:01 IST" name="Logout" finished-at="2024-08-06T22:29:01 IST" duration-ms="1" status="PASS">
          <params>
            <param index="0">
              <value>
                <![CDATA[user]]>
              </value>
            </param>
          </params>
          <reporter-output>
          </reporter-output>
        </test-method> <!-- Logout -->
        <test-method is-config="true" signature="Teardown()[pri:0, instance:com.facebook.testCases.TC_CreatePost@3dddefd8]" started-at="2024-08-06T22:29:01 IST" name="Teardown" finished-at="2024-08-06T22:29:01 IST" depends-on-methods="com.facebook.testCases.BaseClass.Logout" duration-ms="69" status="PASS">
          <reporter-output>
          </reporter-output>
        </test-method> <!-- Teardown -->
      </class> <!-- com.facebook.testCases.TC_CreatePost -->
    </test> <!-- Facebook -->
  </suite> <!-- Suite -->
</testng-results>
