<?xml version="1.0" encoding="UTF-8"?>
<testng-results ignored="0" total="1" passed="1" failed="0" skipped="0">
  <reporter-output>
  </reporter-output>
  <suite started-at="2024-08-04T16:15:45 IST" name="Suite" finished-at="2024-08-04T16:17:29 IST" duration-ms="103430">
    <groups>
    </groups>
    <test started-at="2024-08-04T16:15:45 IST" name="Facebook" finished-at="2024-08-04T16:17:29 IST" duration-ms="103430">
      <class name="com.facebook.testCases.TC_CreatePost">
        <test-method is-config="true" signature="browserSettingAndLogin(org.testng.ITestContext)[pri:0, instance:com.facebook.testCases.TC_CreatePost@12bfd80d]" started-at="2024-08-04T16:15:45 IST" name="browserSettingAndLogin" finished-at="2024-08-04T16:15:45 IST" duration-ms="33" status="PASS">
          <params>
            <param index="0">
              <value>
                <![CDATA[org.testng.TestRunner@6acffb2d]]>
              </value>
            </param>
          </params>
          <reporter-output>
          </reporter-output>
        </test-method> <!-- browserSettingAndLogin -->
        <test-method is-config="true" signature="Setup(java.lang.String)[pri:0, instance:com.facebook.testCases.TC_CreatePost@12bfd80d]" started-at="2024-08-04T16:15:45 IST" name="Setup" finished-at="2024-08-04T16:16:19 IST" depends-on-methods="com.facebook.testCases.BaseClass.browserSettingAndLogin" duration-ms="33798" status="PASS">
          <params>
            <param index="0">
              <value>
                <![CDATA[chrome]]>
              </value>
            </param>
          </params>
          <reporter-output>
          </reporter-output>
        </test-method> <!-- Setup -->
        <test-method is-config="true" signature="Login(java.lang.String)[pri:0, instance:com.facebook.testCases.TC_CreatePost@12bfd80d]" started-at="2024-08-04T16:16:19 IST" name="Login" finished-at="2024-08-04T16:16:19 IST" duration-ms="1" status="PASS">
          <params>
            <param index="0">
              <value>
                <![CDATA[user]]>
              </value>
            </param>
          </params>
          <reporter-output>
          </reporter-output>
        </test-method> <!-- Login -->
        <test-method signature="test_CreatePost()[pri:1, instance:com.facebook.testCases.TC_CreatePost@12bfd80d]" started-at="2024-08-04T16:16:19 IST" name="test_CreatePost" finished-at="2024-08-04T16:17:28 IST" duration-ms="69111" status="PASS">
          <reporter-output>
          </reporter-output>
        </test-method> <!-- test_CreatePost -->
        <test-method is-config="true" signature="Teardown()[pri:0, instance:com.facebook.testCases.TC_CreatePost@12bfd80d]" started-at="2024-08-04T16:17:28 IST" name="Teardown" finished-at="2024-08-04T16:17:29 IST" depends-on-methods="com.facebook.testCases.BaseClass.Logout" duration-ms="71" status="PASS">
          <reporter-output>
          </reporter-output>
        </test-method> <!-- Teardown -->
        <test-method is-config="true" signature="Logout(java.lang.String)[pri:0, instance:com.facebook.testCases.TC_CreatePost@12bfd80d]" started-at="2024-08-04T16:17:28 IST" name="Logout" finished-at="2024-08-04T16:17:28 IST" duration-ms="0" status="PASS">
          <params>
            <param index="0">
              <value>
                <![CDATA[user]]>
              </value>
            </param>
          </params>
          <reporter-output>
          </reporter-output>
        </test-method> <!-- Logout -->
      </class> <!-- com.facebook.testCases.TC_CreatePost -->
    </test> <!-- Facebook -->
  </suite> <!-- Suite -->
</testng-results>
